<?xml version="1.0" encoding="UTF-8"?>
<!-- Generated by org.testng.reporters.JUnitReportReporter -->
<testsuite hostname="DESKTOP-9G0TIR3" failures="0" tests="1" name="Demo_TestNg.Test_HomePage" time="31.785" errors="0" timestamp="2023-05-17T20:10:46 IST" skipped="0">
  <testcase classname="Demo_TestNg.Test_HomePage" name="tstdata1" time="31.785"/>
  <system-out/>
</testsuite> <!-- Demo_TestNg.Test_HomePage -->
