<?xml version="1.0" encoding="UTF-8"?>
<!-- Generated by org.testng.reporters.JUnitReportReporter -->
<testsuite hostname="DESKTOP-9G0TIR3" failures="0" tests="1" name="Demo_TestNg.Testing_DataProvider" time="42.435" errors="0" timestamp="2023-05-17T19:28:10 IST" skipped="0">
  <testcase classname="Demo_TestNg.Testing_DataProvider" name="tstdata" time="42.435"/>
  <system-out/>
</testsuite> <!-- Demo_TestNg.Testing_DataProvider -->
